GC Precious Log:
 CPUs: 8 total, 8 available
 Memory: 7971M
 Large Page Support: Disabled
 NUMA Support: Disabled
 Compressed Oops: Enabled (32-bit)
 Heap Region Size: 1M
 Heap Min Capacity: 8M
 Heap Initial Capacity: 126M
 Heap Max Capacity: 1994M
 Pre-touch: Disabled
 Parallel Workers: 8
 Concurrent Workers: 2
 Concurrent Refinement Workers: 8
 Periodic GC: Disabled
Heap:
 garbage-first heap   total 53248K, used 34489K [0x0000000083600000, 0x0000000100000000)
  region size 1024K, 7 young (7168K), 1 survivors (1024K)
 Metaspace       used 63548K, committed 64128K, reserved 1114112K
  class space    used 8641K, committed 8896K, reserved 1048576K
GC Heap History (20 events):
Event: 6.421 GC heap before
{Heap before GC invocations=6 (full 0):
 garbage-first heap   total 51200K, used 37645K [0x0000000083600000, 0x0000000100000000)
  region size 1024K, 21 young (21504K), 2 survivors (2048K)
 Metaspace       used 33977K, committed 34368K, reserved 1114112K
  class space    used 4236K, committed 4416K, reserved 1048576K
}
Event: 6.426 GC heap after
{Heap after GC invocations=7 (full 0):
 garbage-first heap   total 51200K, used 19715K [0x0000000083600000, 0x0000000100000000)
  region size 1024K, 3 young (3072K), 3 survivors (3072K)
 Metaspace       used 33977K, committed 34368K, reserved 1114112K
  class space    used 4236K, committed 4416K, reserved 1048576K
}
Event: 6.633 GC heap before
{Heap before GC invocations=7 (full 0):
 garbage-first heap   total 51200K, used 24835K [0x0000000083600000, 0x0000000100000000)
  region size 1024K, 9 young (9216K), 3 survivors (3072K)
 Metaspace       used 35545K, committed 35968K, reserved 1114112K
  class space    used 4429K, committed 4608K, reserved 1048576K
}
Event: 6.636 GC heap after
{Heap after GC invocations=8 (full 0):
 garbage-first heap   total 51200K, used 19934K [0x0000000083600000, 0x0000000100000000)
  region size 1024K, 2 young (2048K), 2 survivors (2048K)
 Metaspace       used 35545K, committed 35968K, reserved 1114112K
  class space    used 4429K, committed 4608K, reserved 1048576K
}
Event: 7.249 GC heap before
{Heap before GC invocations=9 (full 0):
 garbage-first heap   total 51200K, used 39390K [0x0000000083600000, 0x0000000100000000)
  region size 1024K, 21 young (21504K), 2 survivors (2048K)
 Metaspace       used 40326K, committed 40768K, reserved 1114112K
  class space    used 5222K, committed 5440K, reserved 1048576K
}
Event: 7.252 GC heap after
{Heap after GC invocations=10 (full 0):
 garbage-first heap   total 51200K, used 21062K [0x0000000083600000, 0x0000000100000000)
  region size 1024K, 2 young (2048K), 2 survivors (2048K)
 Metaspace       used 40326K, committed 40768K, reserved 1114112K
  class space    used 5222K, committed 5440K, reserved 1048576K
}
Event: 7.744 GC heap before
{Heap before GC invocations=10 (full 0):
 garbage-first heap   total 51200K, used 38470K [0x0000000083600000, 0x0000000100000000)
  region size 1024K, 20 young (20480K), 2 survivors (2048K)
 Metaspace       used 44780K, committed 45184K, reserved 1114112K
  class space    used 5833K, committed 6016K, reserved 1048576K
}
Event: 7.747 GC heap after
{Heap after GC invocations=11 (full 0):
 garbage-first heap   total 51200K, used 21894K [0x0000000083600000, 0x0000000100000000)
  region size 1024K, 3 young (3072K), 3 survivors (3072K)
 Metaspace       used 44780K, committed 45184K, reserved 1114112K
  class space    used 5833K, committed 6016K, reserved 1048576K
}
Event: 8.356 GC heap before
{Heap before GC invocations=11 (full 0):
 garbage-first heap   total 51200K, used 38278K [0x0000000083600000, 0x0000000100000000)
  region size 1024K, 20 young (20480K), 3 survivors (3072K)
 Metaspace       used 50527K, committed 50944K, reserved 1114112K
  class space    used 6783K, committed 6976K, reserved 1048576K
}
Event: 8.360 GC heap after
{Heap after GC invocations=12 (full 0):
 garbage-first heap   total 51200K, used 22784K [0x0000000083600000, 0x0000000100000000)
  region size 1024K, 2 young (2048K), 2 survivors (2048K)
 Metaspace       used 50527K, committed 50944K, reserved 1114112K
  class space    used 6783K, committed 6976K, reserved 1048576K
}
Event: 9.060 GC heap before
{Heap before GC invocations=12 (full 0):
 garbage-first heap   total 51200K, used 40192K [0x0000000083600000, 0x0000000100000000)
  region size 1024K, 20 young (20480K), 2 survivors (2048K)
 Metaspace       used 55123K, committed 55616K, reserved 1114112K
  class space    used 7485K, committed 7744K, reserved 1048576K
}
Event: 9.063 GC heap after
{Heap after GC invocations=13 (full 0):
 garbage-first heap   total 51200K, used 23590K [0x0000000083600000, 0x0000000100000000)
  region size 1024K, 2 young (2048K), 2 survivors (2048K)
 Metaspace       used 55123K, committed 55616K, reserved 1114112K
  class space    used 7485K, committed 7744K, reserved 1048576K
}
Event: 9.487 GC heap before
{Heap before GC invocations=13 (full 0):
 garbage-first heap   total 51200K, used 39974K [0x0000000083600000, 0x0000000100000000)
  region size 1024K, 19 young (19456K), 2 survivors (2048K)
 Metaspace       used 57688K, committed 58240K, reserved 1114112K
  class space    used 7815K, committed 8064K, reserved 1048576K
}
Event: 9.491 GC heap after
{Heap after GC invocations=14 (full 0):
 garbage-first heap   total 51200K, used 25350K [0x0000000083600000, 0x0000000100000000)
  region size 1024K, 3 young (3072K), 3 survivors (3072K)
 Metaspace       used 57688K, committed 58240K, reserved 1114112K
  class space    used 7815K, committed 8064K, reserved 1048576K
}
Event: 9.906 GC heap before
{Heap before GC invocations=14 (full 0):
 garbage-first heap   total 51200K, used 39686K [0x0000000083600000, 0x0000000100000000)
  region size 1024K, 18 young (18432K), 3 survivors (3072K)
 Metaspace       used 59657K, committed 60160K, reserved 1114112K
  class space    used 8067K, committed 8320K, reserved 1048576K
}
Event: 9.911 GC heap after
{Heap after GC invocations=15 (full 0):
 garbage-first heap   total 51200K, used 27145K [0x0000000083600000, 0x0000000100000000)
  region size 1024K, 2 young (2048K), 2 survivors (2048K)
 Metaspace       used 59657K, committed 60160K, reserved 1114112K
  class space    used 8067K, committed 8320K, reserved 1048576K
}
Event: 10.792 GC heap before
{Heap before GC invocations=16 (full 0):
 garbage-first heap   total 51200K, used 41481K [0x0000000083600000, 0x0000000100000000)
  region size 1024K, 16 young (16384K), 2 survivors (2048K)
 Metaspace       used 61487K, committed 62016K, reserved 1114112K
  class space    used 8346K, committed 8576K, reserved 1048576K
}
Event: 10.796 GC heap after
{Heap after GC invocations=17 (full 0):
 garbage-first heap   total 51200K, used 28474K [0x0000000083600000, 0x0000000100000000)
  region size 1024K, 2 young (2048K), 2 survivors (2048K)
 Metaspace       used 61487K, committed 62016K, reserved 1114112K
  class space    used 8346K, committed 8576K, reserved 1048576K
}
Event: 12.135 GC heap before
{Heap before GC invocations=17 (full 0):
 garbage-first heap   total 51200K, used 40762K [0x0000000083600000, 0x0000000100000000)
  region size 1024K, 14 young (14336K), 2 survivors (2048K)
 Metaspace       used 63180K, committed 63744K, reserved 1114112K
  class space    used 8591K, committed 8832K, reserved 1048576K
}
Event: 12.139 GC heap after
{Heap after GC invocations=18 (full 0):
 garbage-first heap   total 51200K, used 29369K [0x0000000083600000, 0x0000000100000000)
  region size 1024K, 1 young (1024K), 1 survivors (1024K)
 Metaspace       used 63180K, committed 63744K, reserved 1114112K
  class space    used 8591K, committed 8832K, reserved 1048576K
}

